<?xml version="1.0" encoding="UTF-8"?>
<testsuite name="ru.stqa.training.selenium.actions_tests.AddingProductUnderAdministrator" tests="1" skipped="0" failures="0" errors="0" timestamp="2020-01-13T12:38:30" hostname="LAPTOP-DFQE49HI" time="13.473">
  <properties/>
  <testcase name="testAddingProductUnderAdministrator" classname="ru.stqa.training.selenium.actions_tests.AddingProductUnderAdministrator" time="13.473"/>
  <system-out><![CDATA[]]></system-out>
  <system-err><![CDATA[1578919112418	mozrunner::runner	INFO	Running command: "C:\\Program Files\\Mozilla Firefox\\firefox.exe" "-marionette" "-foreground" "-no-remote" "-profile" "C:\\Users\\asus\\AppData\\Local\\Temp\\rust_mozprofilecTksse"
1578919112840	addons.webextension.screenshots@mozilla.org	WARN	Loading extension 'screenshots@mozilla.org': Reading manifest: Invalid extension permission: mozillaAddons
1578919112840	addons.webextension.screenshots@mozilla.org	WARN	Loading extension 'screenshots@mozilla.org': Reading manifest: Invalid extension permission: telemetry
1578919112841	addons.webextension.screenshots@mozilla.org	WARN	Loading extension 'screenshots@mozilla.org': Reading manifest: Invalid extension permission: resource://pdf.js/
1578919112841	addons.webextension.screenshots@mozilla.org	WARN	Loading extension 'screenshots@mozilla.org': Reading manifest: Invalid extension permission: about:reader*
JavaScript error: resource://gre/modules/XULStore.jsm, line 66: Error: Can't find profile directory.
1578919114747	Marionette	INFO	Listening on port 53627
1578919115085	Marionette	WARN	TLS certificate errors will be ignored for this session
янв 13, 2020 3:38:35 PM org.openqa.selenium.remote.ProtocolHandshake createSession
INFO: Detected dialect: W3C
JavaScript error: resource://gre/modules/XULStore.jsm, line 66: Error: Can't find profile directory.
JavaScript error: resource://gre/modules/XULStore.jsm, line 66: Error: Can't find profile directory.
1578919122720	Marionette	INFO	Stopped listening on port 53627
[Child 23472, Chrome_ChildThread] WARNING: pipe error: 109: file z:/task_1575282935/build/src/ipc/chromium/src/chrome/common/ipc_channel_win.cc, line 341
[Child 23472, Chrome_Chil[Child 20520, Chrome_ChildThread] WARNING: pipe error: 109: file z:/task_1575282935/build/src/ipc/chromium/src/chrome/common/ipc_channel_win.cc, line 341
[Child 20520, Chro[Parent 3208, Gecko_IOThread] WARNING: pipe error: 109: file z:/task_1575282935/build/src/ipc/chromium/src/chrome/common/ipc_channel_win.cc, line 341
[Child 8492, Chrome_ChildThread] WARNING: pipe error: 109: file z:/task_1575282935/build/src/ipc/chromium/src/chrome/common/ipc_channel_win.cc, line 341
[Child 8492, Chrom[GPU 
###!!! [Child][RunMessage] Error: Channel closing: too late to send/recv, messages will be lost

1
###!!! [Child][MessageChannel::SendAndWait] Error: Channel error: cannot send/recv

]]></system-err>
</testsuite>
