<?xml version="1.0" encoding="UTF-8"?>
<testsuite name="ru.stqa.training.selenium.logging_tests.CheckForMissingMessagesInBrowserLog" tests="1" skipped="0" failures="0" errors="0" timestamp="2020-02-01T19:04:05" hostname="LAPTOP-DFQE49HI" time="66.962">
  <properties/>
  <testcase name="testCheckForMissingMessagesInBrowserLog" classname="ru.stqa.training.selenium.logging_tests.CheckForMissingMessagesInBrowserLog" time="66.962"/>
  <system-out><![CDATA[9
]]></system-out>
  <system-err><![CDATA[1580583846536	mozrunner::runner	INFO	Running command: "C:\\Program Files\\Mozilla Firefox\\firefox.exe" "-marionette" "-foreground" "-no-remote" "-profile" "C:\\Users\\asus\\AppData\\Local\\Temp\\rust_mozprofileKKMyQf"
1580583846915	addons.webextension.screenshots@mozilla.org	WARN	Loading extension 'screenshots@mozilla.org': Reading manifest: Invalid extension permission: mozillaAddons
1580583846915	addons.webextension.screenshots@mozilla.org	WARN	Loading extension 'screenshots@mozilla.org': Reading manifest: Invalid extension permission: telemetry
1580583846916	addons.webextension.screenshots@mozilla.org	WARN	Loading extension 'screenshots@mozilla.org': Reading manifest: Invalid extension permission: resource://pdf.js/
1580583846916	addons.webextension.screenshots@mozilla.org	WARN	Loading extension 'screenshots@mozilla.org': Reading manifest: Invalid extension permission: about:reader*
JavaScript error: resource://gre/modules/XULStore.jsm, line 66: Error: Can't find profile directory.
1580583848371	Marionette	INFO	Listening on port 53292
1580583848582	Marionette	WARN	TLS certificate errors will be ignored for this session
фев 01, 2020 10:04:08 PM org.openqa.selenium.remote.ProtocolHandshake createSession
INFO: Detected dialect: W3C
JavaScript error: resource://gre/modules/XULStore.jsm, line 66: Error: Can't find profile directory.
JavaScript error: resource://gre/modules/XULStore.jsm, line 66: Error: Can't find profile directory.
1580583911369	Marionette	INFO	Stopped listening on port 53292
[Parent 16560, Gecko_IOThread] WARNING: pipe error: 109: file z:/task_1575282935/build/src/ipc/chromium/src/chrome/common/ipc_channel_win.cc, line 341
[Child 4044, Chrome_ChildThread] WARNING: pipe error: 109: file z:/task_1575282935/build/src/ipc/chromium/src/chrome/common/ipc_channel_win.cc, line 341
[Child 4044, Chrome_ChildThread] WARNING:[Child 17872, Chrome_ChildThread] WARNING: pipe error: 109: file z:/task_1575282935/build/src/ipc/chromium/src/chrome/common/ipc_channel_win.cc, line 341
[Child 17872, Chrome_ChildThread] WARNING: pipe [Parent 16560, Gecko_IOThread] WARNING: pipe error: 109: file z:/task_1575282935/build/src/ipc/chromium/src/chrome/common/ipc_channel_win.cc, line 341
[GPU 7260, C
###!!! [Child][MessageChannel::SendAndWait] Error: Channel error: cannot send/recv

]]></system-err>
</testsuite>
