<?xml version="1.0" encoding="UTF-8"?>
<testsuite name="ru.stqa.training.selenium.tests.AdminLoginVerifyWithNightlyTest" tests="1" skipped="0" failures="0" errors="0" timestamp="2019-12-27T19:40:45" hostname="LAPTOP-DFQE49HI" time="8.211">
  <properties/>
  <testcase name="testAdminLoginVerifyWithNightly" classname="ru.stqa.training.selenium.tests.AdminLoginVerifyWithNightlyTest" time="8.211"/>
  <system-out><![CDATA[Capabilities {acceptInsecureCerts: true, browserName: firefox, browserVersion: 73.0a1, javascriptEnabled: true, moz:accessibilityChecks: false, moz:buildID: 20191227094418, moz:geckodriverVersion: 0.26.0, moz:headless: false, moz:processID: 8516, moz:profile: C:\Users\asus\AppData\Local..., moz:shutdownTimeout: 60000, moz:useNonSpecCompliantPointerOrigin: false, moz:webdriverClick: true, pageLoadStrategy: normal, platform: WINDOWS, platformName: WINDOWS, platformVersion: 10.0, rotatable: false, setWindowRect: true, strictFileInteractability: false, timeouts: {implicit: 0, pageLoad: 300000, script: 30000}, unhandledPromptBehavior: dismiss and notify}
]]></system-out>
  <system-err><![CDATA[1577475647155	mozrunner::runner	INFO	Running command: "c:\\Program Files\\Firefox Nightly\\firefox.exe" "-marionette" "-foreground" "-no-remote" "-profile" "C:\\Users\\asus\\AppData\\Local\\Temp\\rust_mozprofileV0ddMZ"
1577475647582	addons.webextension.doh-rollout@mozilla.org	WARN	Loading extension 'doh-rollout@mozilla.org': Reading manifest: Invalid extension permission: networkStatus
1577475647931	addons.webextension.screenshots@mozilla.org	WARN	Loading extension 'screenshots@mozilla.org': Reading manifest: Invalid extension permission: mozillaAddons
1577475647931	addons.webextension.screenshots@mozilla.org	WARN	Loading extension 'screenshots@mozilla.org': Reading manifest: Invalid extension permission: telemetry
1577475647931	addons.webextension.screenshots@mozilla.org	WARN	Loading extension 'screenshots@mozilla.org': Reading manifest: Invalid extension permission: resource://pdf.js/
1577475647931	addons.webextension.screenshots@mozilla.org	WARN	Loading extension 'screenshots@mozilla.org': Reading manifest: Invalid extension permission: about:reader*
1577475650529	Marionette	INFO	Listening on port 50870
1577475650882	Marionette	WARN	TLS certificate errors will be ignored for this session
дек 27, 2019 10:40:50 PM org.openqa.selenium.remote.ProtocolHandshake createSession
INFO: Detected dialect: W3C
1577475652280	Marionette	INFO	Stopped listening on port 50870
[Parent 8516, Gecko_IOThread] WARNING: file z:/task_1577440744/build/src/ipc/chromium/src/base/process_util_win.cc, line 160

###!!! [Child][RunMessage] Error: Channel closing: too late to send/recv, messages will be lost

]]></system-err>
</testsuite>
