<?xml version="1.0" encoding="UTF-8"?>
<testsuite name="ru.stqa.training.selenium.study_tests.MyFirstTest" tests="3" skipped="0" failures="0" errors="0" timestamp="2019-12-27T22:01:42" hostname="LAPTOP-DFQE49HI" time="15.44">
  <properties/>
  <testcase name="myThirdTest" classname="ru.stqa.training.selenium.study_tests.MyFirstTest" time="10.676"/>
  <testcase name="mySecondTest" classname="ru.stqa.training.selenium.study_tests.MyFirstTest" time="2.633"/>
  <testcase name="myFirstTest" classname="ru.stqa.training.selenium.study_tests.MyFirstTest" time="2.13"/>
  <system-out><![CDATA[]]></system-out>
  <system-err><![CDATA[Starting ChromeDriver 79.0.3945.36 (3582db32b33893869b8c1339e8f4d9ed1816f143-refs/branch-heads/3945@{#614}) on port 27556
Only local connections are allowed.
Please protect ports used by ChromeDriver and related test frameworks to prevent access by malicious code.
[1577484107.360][WARNING]: Timed out connecting to Chrome, retrying...
дек 28, 2019 1:01:49 AM org.openqa.selenium.remote.ProtocolHandshake createSession
INFO: Detected dialect: W3C
]]></system-err>
</testsuite>
