<?xml version="1.0" encoding="UTF-8"?>
<testsuite name="ru.stqa.training.selenium.actions_tests.RegistrationOfNewUserInClientPart" tests="1" skipped="0" failures="0" errors="0" timestamp="2020-01-09T22:43:06" hostname="LAPTOP-DFQE49HI" time="9.818">
  <properties/>
  <testcase name="testRegistrationOfNewUserInClientPart" classname="ru.stqa.training.selenium.actions_tests.RegistrationOfNewUserInClientPart" time="9.818"/>
  <system-out><![CDATA[]]></system-out>
  <system-err><![CDATA[1578609788184	mozrunner::runner	INFO	Running command: "C:\\Program Files\\Mozilla Firefox\\firefox.exe" "-marionette" "-foreground" "-no-remote" "-profile" "C:\\Users\\asus\\AppData\\Local\\Temp\\rust_mozprofilechwdn6"
1578609788570	addons.webextension.screenshots@mozilla.org	WARN	Loading extension 'screenshots@mozilla.org': Reading manifest: Invalid extension permission: mozillaAddons
1578609788571	addons.webextension.screenshots@mozilla.org	WARN	Loading extension 'screenshots@mozilla.org': Reading manifest: Invalid extension permission: telemetry
1578609788571	addons.webextension.screenshots@mozilla.org	WARN	Loading extension 'screenshots@mozilla.org': Reading manifest: Invalid extension permission: resource://pdf.js/
1578609788571	addons.webextension.screenshots@mozilla.org	WARN	Loading extension 'screenshots@mozilla.org': Reading manifest: Invalid extension permission: about:reader*
JavaScript error: resource://gre/modules/XULStore.jsm, line 66: Error: Can't find profile directory.
1578609790025	Marionette	INFO	Listening on port 56801
1578609790209	Marionette	WARN	TLS certificate errors will be ignored for this session
янв 10, 2020 1:43:10 AM org.openqa.selenium.remote.ProtocolHandshake createSession
INFO: Detected dialect: W3C
1578609795779	Marionette	INFO	Stopped listening on port 56801
[Child 9844, Chrome_ChildThread] WARNING: pipe error: 109: file z:/task_1575282935/build/src/ipc/chromium/src/chrome/common/ipc_channel_win.cc, line 341
[Child 984[Parent 12220, Gecko_IOThread] WARNING: pipe error: 109: file z:/task_1575282935/build/src/ipc/chromium/src/chrome/common/ipc_channel_win.cc, line 341
[GP
###!!! [Child][RunMessage] Error: Channel closing: too late to send/recv, messages will be lost

U 13340, Chrome_Chi
###!!! [Child][MessageChannel::SendAndWait] Error: Channel error: cannot send/recv

]]></system-err>
</testsuite>
