<?xml version="1.0" encoding="UTF-8"?>
<testsuite name="ru.stqa.training.selenium.actions_tests.AddingProductUnderAdministrator" tests="1" skipped="0" failures="0" errors="0" timestamp="2020-01-11T18:13:13" hostname="LAPTOP-DFQE49HI" time="11.555">
  <properties/>
  <testcase name="testAddingProductUnderAdministrator" classname="ru.stqa.training.selenium.actions_tests.AddingProductUnderAdministrator" time="11.555"/>
  <system-out><![CDATA[]]></system-out>
  <system-err><![CDATA[1578766395256	mozrunner::runner	INFO	Running command: "C:\\Program Files\\Mozilla Firefox\\firefox.exe" "-marionette" "-foreground" "-no-remote" "-profile" "C:\\Users\\asus\\AppData\\Local\\Temp\\rust_mozprofileBwU6Mr"
1578766395642	addons.webextension.screenshots@mozilla.org	WARN	Loading extension 'screenshots@mozilla.org': Reading manifest: Invalid extension permission: mozillaAddons
1578766395642	addons.webextension.screenshots@mozilla.org	WARN	Loading extension 'screenshots@mozilla.org': Reading manifest: Invalid extension permission: telemetry
1578766395643	addons.webextension.screenshots@mozilla.org	WARN	Loading extension 'screenshots@mozilla.org': Reading manifest: Invalid extension permission: resource://pdf.js/
1578766395643	addons.webextension.screenshots@mozilla.org	WARN	Loading extension 'screenshots@mozilla.org': Reading manifest: Invalid extension permission: about:reader*
JavaScript error: resource://gre/modules/XULStore.jsm, line 66: Error: Can't find profile directory.
1578766397122	Marionette	INFO	Listening on port 56952
1578766397337	Marionette	WARN	TLS certificate errors will be ignored for this session
янв 11, 2020 9:13:17 PM org.openqa.selenium.remote.ProtocolHandshake createSession
INFO: Detected dialect: W3C
JavaScript error: resource://gre/modules/XULStore.jsm, line 66: Error: Can't find profile directory.
JavaScript error: resource://gre/modules/XULStore.jsm, line 66: Error: Can't find profile directory.
1578766404451	Marionette	INFO	Stopped listening on port 56952
[Child 25528, Chrome_ChildThread] WARNING: pipe error: 109: file z:/task_1575282935/build/src/ipc/chromium/src/chrome/common/ipc_channel_win.cc, line 341
[Child 25528, Chrome_ChildThread] WA[Parent 24504, Gecko_IOThread] WARNING: pipe error: 109: file z:/task_1575282935/build/src/ipc/chromium/src/chrome/common/ipc_channel_win.cc, line 341
[Child 19656, Chrome_ChildThread] WARNING: pipe error: 109: file z:/task_1575282935/build/src/ipc/chromium/src/chrome/common/ipc_channel_win.cc, line 341
[Child 19656, Chrome_ChildThread] WARNING: [Parent 24504, Gecko_IOThread] WARNING: pipe error: 109: file z:/task_1575282935/build/src/ipc/chromium/src/chrome/common/ipc_channel_win.cc, line 341
[GPU 24328, C
###!!! [Child][RunMessage] Error: Channel closing: too late to send/recv, messages will be lost

hrome_ChildThread
###!!! [Child][MessageChannel::SendAndWait] Error: Channel error: cannot send/recv

]]></system-err>
</testsuite>
