<?xml version="1.0" encoding="UTF-8"?>
<testsuite name="ru.stqa.training.selenium.study_tests.MyThirdTest" tests="15" skipped="0" failures="0" errors="0" timestamp="2019-12-27T22:01:42" hostname="LAPTOP-DFQE49HI" time="30.835">
  <properties/>
  <testcase name="test10" classname="ru.stqa.training.selenium.study_tests.MyThirdTest" time="10.809"/>
  <testcase name="test11" classname="ru.stqa.training.selenium.study_tests.MyThirdTest" time="2.403"/>
  <testcase name="test12" classname="ru.stqa.training.selenium.study_tests.MyThirdTest" time="1.961"/>
  <testcase name="test13" classname="ru.stqa.training.selenium.study_tests.MyThirdTest" time="1.721"/>
  <testcase name="test14" classname="ru.stqa.training.selenium.study_tests.MyThirdTest" time="1.368"/>
  <testcase name="test15" classname="ru.stqa.training.selenium.study_tests.MyThirdTest" time="1.29"/>
  <testcase name="test4" classname="ru.stqa.training.selenium.study_tests.MyThirdTest" time="1.211"/>
  <testcase name="test5" classname="ru.stqa.training.selenium.study_tests.MyThirdTest" time="1.213"/>
  <testcase name="test6" classname="ru.stqa.training.selenium.study_tests.MyThirdTest" time="1.35"/>
  <testcase name="test7" classname="ru.stqa.training.selenium.study_tests.MyThirdTest" time="1.208"/>
  <testcase name="test8" classname="ru.stqa.training.selenium.study_tests.MyThirdTest" time="1.191"/>
  <testcase name="test9" classname="ru.stqa.training.selenium.study_tests.MyThirdTest" time="1.302"/>
  <testcase name="myThirdTest" classname="ru.stqa.training.selenium.study_tests.MyThirdTest" time="1.234"/>
  <testcase name="mySecondTest" classname="ru.stqa.training.selenium.study_tests.MyThirdTest" time="1.313"/>
  <testcase name="myFirstTest" classname="ru.stqa.training.selenium.study_tests.MyThirdTest" time="1.26"/>
  <system-out><![CDATA[]]></system-out>
  <system-err><![CDATA[Starting ChromeDriver 79.0.3945.36 (3582db32b33893869b8c1339e8f4d9ed1816f143-refs/branch-heads/3945@{#614}) on port 15992
Only local connections are allowed.
Please protect ports used by ChromeDriver and related test frameworks to prevent access by malicious code.
[1577484107.549][WARNING]: Timed out connecting to Chrome, retrying...
дек 28, 2019 1:01:49 AM org.openqa.selenium.remote.ProtocolHandshake createSession
INFO: Detected dialect: W3C
]]></system-err>
</testsuite>
