<?xml version="1.0" encoding="UTF-8"?>
<testsuite name="ru.stqa.training.selenium.locators_tests.PassingThroughAllSections" tests="1" skipped="0" failures="0" errors="0" timestamp="2020-01-02T00:36:08" hostname="LAPTOP-DFQE49HI" time="32.839">
  <properties/>
  <testcase name="testPassingThroughAllSections" classname="ru.stqa.training.selenium.locators_tests.PassingThroughAllSections" time="32.839"/>
  <system-out><![CDATA[]]></system-out>
  <system-err><![CDATA[1577925369477	mozrunner::runner	INFO	Running command: "C:\\Program Files\\Mozilla Firefox\\firefox.exe" "-marionette" "-foreground" "-no-remote" "-profile" "C:\\Users\\asus\\AppData\\Local\\Temp\\rust_mozprofileIJ50sN"
1577925369869	addons.webextension.screenshots@mozilla.org	WARN	Loading extension 'screenshots@mozilla.org': Reading manifest: Invalid extension permission: mozillaAddons
1577925369869	addons.webextension.screenshots@mozilla.org	WARN	Loading extension 'screenshots@mozilla.org': Reading manifest: Invalid extension permission: telemetry
1577925369869	addons.webextension.screenshots@mozilla.org	WARN	Loading extension 'screenshots@mozilla.org': Reading manifest: Invalid extension permission: resource://pdf.js/
1577925369869	addons.webextension.screenshots@mozilla.org	WARN	Loading extension 'screenshots@mozilla.org': Reading manifest: Invalid extension permission: about:reader*
JavaScript error: resource://gre/modules/XULStore.jsm, line 66: Error: Can't find profile directory.
1577925371445	Marionette	INFO	Listening on port 59366
1577925371533	Marionette	WARN	TLS certificate errors will be ignored for this session
янв 02, 2020 3:36:11 AM org.openqa.selenium.remote.ProtocolHandshake createSession
INFO: Detected dialect: W3C
1577925400127	Marionette	INFO	Stopped listening on port 59366
[Child 5568, Chrome_ChildThread] WARNING: pipe error: 109: file z:/task_1575282935/build/src/ipc/chromium/src/chrome/common/ipc_channel_win.cc, line 341
[Child 5568, Chrome_ChildThread] WAR[Child 3892, Chrome_ChildThread] WARNING: pipe error: 109: file z:/task_1575282935/build/src/ipc/chromium/src/chrome/common/ipc_channel_win.cc, line 341
[Child 3892, Chrome_ChildThread] WARNING: pipe error: 109: file z:/task_157[Parent 9684, Gecko_IOThread] WARNING: pipe error: 109: file z:/task_1575282935/build/src/ipc/chromium/src/chrome/common/ipc_channel_win.cc, line 341
[Child 2864, Chrome_ChildThread] WARNING: pipe error: 109: file z:/task_1575282935/build/src/ipc/chromium/src/chrome/common/ipc_channel_win.cc, line 341
[
###!!! [Child][RunMessage] Error: Channel closing: too late to send/recv, messages will be lost

[GPU 13296, Chrome_ChildThread] W
###!!! [Child][MessageChannel::SendAndWait] Error: Channel error: cannot send/recv

]]></system-err>
</testsuite>
